# JRE version: OpenJDK Runtime Environment (21.0.3) (build 21.0.3+-12282718-b509.11)
# Java VM: OpenJDK 64-Bit Server VM (21.0.3+-12282718-b509.11, mixed mode, tiered, compressed oops, compressed class ptrs, g1 gc, windows-amd64)
GC Precious Log:
 CardTable entry size: 512
 Card Set container configuration: InlinePtr #cards 4 size 8 Array Of Cards #cards 16 size 48 Howl #buckets 8 coarsen threshold 3686 Howl Bitmap #cards 512 size 80 coarsen threshold 460 Card regions per heap region 1 cards per card region 4096
 CPUs: 8 total, 8 available
 Memory: 8002M
 Large Page Support: Disabled
 NUMA Support: Disabled
 Compressed Oops: Enabled (Zero based)
 Heap Region Size: 2M
 Heap Min Capacity: 8M
 Heap Initial Capacity: 126M
 Heap Max Capacity: 4G
 Pre-touch: Disabled
 Parallel Workers: 8
 Concurrent Workers: 2
 Concurrent Refinement Workers: 8
 Periodic GC: Disabled
Heap:
 garbage-first heap   total 81920K, used 43114K [0x0000000700000000, 0x0000000800000000)
  region size 2048K, 14 young (28672K), 2 survivors (4096K)
 Metaspace       used 24996K, committed 25408K, reserved 1114112K
  class space    used 3042K, committed 3200K, reserved 1048576K
GC Heap History (8 events):
Event: 6.192 GC heap before
{Heap before GC invocations=0 (full 0):
 garbage-first heap   total 129024K, used 22528K [0x0000000700000000, 0x0000000800000000)
  region size 2048K, 11 young (22528K), 0 survivors (0K)
 Metaspace       used 7918K, committed 8064K, reserved 1114112K
  class space    used 713K, committed 768K, reserved 1048576K
}
Event: 6.334 GC heap after
{Heap after GC invocations=1 (full 0):
 garbage-first heap   total 129024K, used 2048K [0x0000000700000000, 0x0000000800000000)
  region size 2048K, 1 young (2048K), 1 survivors (2048K)
 Metaspace       used 7918K, committed 8064K, reserved 1114112K
  class space    used 713K, committed 768K, reserved 1048576K
}
Event: 14.612 GC heap before
{Heap before GC invocations=1 (full 0):
 garbage-first heap   total 129024K, used 45056K [0x0000000700000000, 0x0000000800000000)
  region size 2048K, 21 young (43008K), 1 survivors (2048K)
 Metaspace       used 12157K, committed 12352K, reserved 1114112K
  class space    used 1288K, committed 1408K, reserved 1048576K
}
Event: 14.625 GC heap after
{Heap after GC invocations=2 (full 0):
 garbage-first heap   total 129024K, used 11354K [0x0000000700000000, 0x0000000800000000)
  region size 2048K, 3 young (6144K), 3 survivors (6144K)
 Metaspace       used 12157K, committed 12352K, reserved 1114112K
  class space    used 1288K, committed 1408K, reserved 1048576K
}
Event: 25.667 GC heap before
{Heap before GC invocations=2 (full 0):
 garbage-first heap   total 129024K, used 60506K [0x0000000700000000, 0x0000000800000000)
  region size 2048K, 28 young (57344K), 3 survivors (6144K)
 Metaspace       used 16688K, committed 17024K, reserved 1114112K
  class space    used 1881K, committed 2048K, reserved 1048576K
}
Event: 25.680 GC heap after
{Heap after GC invocations=3 (full 0):
 garbage-first heap   total 129024K, used 18782K [0x0000000700000000, 0x0000000800000000)
  region size 2048K, 4 young (8192K), 4 survivors (8192K)
 Metaspace       used 16688K, committed 17024K, reserved 1114112K
  class space    used 1881K, committed 2048K, reserved 1048576K
}
Event: 34.466 GC heap before
{Heap before GC invocations=3 (full 0):
 garbage-first heap   total 129024K, used 35166K [0x0000000700000000, 0x0000000800000000)
  region size 2048K, 13 young (26624K), 4 survivors (8192K)
 Metaspace       used 21174K, committed 21504K, reserved 1114112K
  class space    used 2475K, committed 2624K, reserved 1048576K
}
Event: 34.477 GC heap after
{Heap after GC invocations=4 (full 0):
 garbage-first heap   total 129024K, used 20586K [0x0000000700000000, 0x0000000800000000)
  region size 2048K, 2 young (4096K), 2 survivors (4096K)
 Metaspace       used 21174K, committed 21504K, reserved 1114112K
  class space    used 2475K, committed 2624K, reserved 1048576K
}

